Compilación iniciada a las 11/01/2014 11:21:26.
     1>Proyecto "C:\Users\oscar\Documents\proyectos\librerias\quazip-0.5.1\quazip\quazip.vcxproj" en el nodo 2 (Build destinos).
     1>ClCompile:
         C:\Program Files (x86)\Microsoft Visual Studio 10.0\VC\bin\CL.exe /c /ZI /nologo /W3 /WX- /Od /Oy- /D WIN32 /D _DEBUG /D _WINDOWS /D QUAZIP_BUILD /D _WINDLL /Gm /EHsc /RTC1 /MDd /GS /fp:precise /Zc:wchar_t /Zc:forScope /Fo"Debug\\" /Fd"Debug\vc100.pdb" /Gd /TP /analyze- /errorReport:prompt JlCompress.cpp moc_quagzipfile.cpp moc_quaziodevice.cpp moc_quazipfile.cpp qioapi.cpp quaadler32.cpp quacrc32.cpp quagzipfile.cpp quaziodevice.cpp quazip.cpp quazipdir.cpp quazipfile.cpp quazipfileinfo.cpp quazipnewinfo.cpp
         quazipnewinfo.cpp
     1>c:\users\oscar\documents\proyectos\librerias\quazip-0.5.1\quazip\quazipnewinfo.cpp(24): fatal error C1083: No se puede abrir el archivo incluir: 'QFileInfo': No such file or directory
         quazipfileinfo.cpp
     1>c:\users\oscar\documents\proyectos\librerias\quazip-0.5.1\quazip\quazipfileinfo.h(27): fatal error C1083: No se puede abrir el archivo incluir: 'QByteArray': No such file or directory
         quazipfile.cpp
     1>c:\users\oscar\documents\proyectos\librerias\quazip-0.5.1\quazip\quazipfile.h(27): fatal error C1083: No se puede abrir el archivo incluir: 'QIODevice': No such file or directory
         quazipdir.cpp
     1>c:\users\oscar\documents\proyectos\librerias\quazip-0.5.1\quazip\quazip.h(27): fatal error C1083: No se puede abrir el archivo incluir: 'QString': No such file or directory
         quazip.cpp
     1>c:\users\oscar\documents\proyectos\librerias\quazip-0.5.1\quazip\quazip.cpp(24): fatal error C1083: No se puede abrir el archivo incluir: 'QFile': No such file or directory
         quaziodevice.cpp
     1>c:\users\oscar\documents\proyectos\librerias\quazip-0.5.1\quazip\quaziodevice.h(4): fatal error C1083: No se puede abrir el archivo incluir: 'QIODevice': No such file or directory
         quagzipfile.cpp
     1>c:\users\oscar\documents\proyectos\librerias\quazip-0.5.1\quazip\quagzipfile.cpp(1): fatal error C1083: No se puede abrir el archivo incluir: 'QFile': No such file or directory
         quacrc32.cpp
     1>c:\users\oscar\documents\proyectos\librerias\quazip-0.5.1\quazip\quachecksum32.h(4): fatal error C1083: No se puede abrir el archivo incluir: 'QByteArray': No such file or directory
         quaadler32.cpp
     1>c:\users\oscar\documents\proyectos\librerias\quazip-0.5.1\quazip\quaadler32.h(4): fatal error C1083: No se puede abrir el archivo incluir: 'QByteArray': No such file or directory
         qioapi.cpp
     1>c:\users\oscar\documents\proyectos\librerias\quazip-0.5.1\quazip\qioapi.cpp(15): fatal error C1083: No se puede abrir el archivo incluir: 'QtZlib/zlib.h': No such file or directory
         moc_quazipfile.cpp
     1>c1xx : fatal error C1083: No se puede abrir el archivo código fuente: 'moc_quazipfile.cpp': No such file or directory
         moc_quaziodevice.cpp
     1>c1xx : fatal error C1083: No se puede abrir el archivo código fuente: 'moc_quaziodevice.cpp': No such file or directory
         moc_quagzipfile.cpp
     1>c1xx : fatal error C1083: No se puede abrir el archivo código fuente: 'moc_quagzipfile.cpp': No such file or directory
         JlCompress.cpp
     1>c:\users\oscar\documents\proyectos\librerias\quazip-0.5.1\quazip\quazip.h(27): fatal error C1083: No se puede abrir el archivo incluir: 'QString': No such file or directory
         Generando código...
     1>Compilación del proyecto terminada "C:\Users\oscar\Documents\proyectos\librerias\quazip-0.5.1\quazip\quazip.vcxproj" (Build destinos) -- ERROR.

ERROR al compilar.

Tiempo transcurrido 00:00:06.71
